<?xml version="1.0" encoding="UTF-8"?>
<!-- Generated by org.testng.reporters.JUnitXMLReporter -->
<testsuite ignored="0" hostname="LAPTOP-95N15RTD" failures="0" tests="6" name="Test" time="0.102" errors="0" timestamp="2022-03-04T11:38:09 IST">
  <testcase classname="qaclickacademy.AppiumTest" name="MobielIOS" time="0.014"/>
  <testcase classname="qaclickacademy.AppiumTest" name="Nativeapptesting" time="0.002"/>
  <testcase classname="qaclickacademy.SeleniumTest" name="FrontendApplicationTest" time="0.002"/>
  <testcase classname="qaclickacademy.SeleniumTest" name="webapplicationTest" time="0.002"/>
  <testcase classname="qaclickacademy.RESTAPITest" name="MobileAPI" time="0.001"/>
  <testcase classname="qaclickacademy.RESTAPITest" name="RestAssuredAPI" time="0.011"/>
</testsuite> <!-- Test -->
