<?xml version="1.0" encoding="UTF-8"?>
<testng-results ignored="0" total="6" passed="6" failed="0" skipped="0">
  <reporter-output>
  </reporter-output>
  <suite started-at="2022-03-04T13:48:18 IST" name="Suite" finished-at="2022-03-04T13:48:18 IST" duration-ms="64">
    <groups>
    </groups>
    <test started-at="2022-03-04T13:48:18 IST" name="Test" finished-at="2022-03-04T13:48:18 IST" duration-ms="64">
      <class name="qaclickacademy.AppiumTest">
        <test-method signature="MobielIOS()[pri:0, instance:qaclickacademy.AppiumTest@5cee5251]" started-at="2022-03-04T13:48:18 IST" name="MobielIOS" finished-at="2022-03-04T13:48:18 IST" duration-ms="5" status="PASS">
          <reporter-output>
          </reporter-output>
        </test-method> <!-- MobielIOS -->
        <test-method signature="Nativeapptesting()[pri:0, instance:qaclickacademy.AppiumTest@5cee5251]" started-at="2022-03-04T13:48:18 IST" name="Nativeapptesting" finished-at="2022-03-04T13:48:18 IST" duration-ms="1" status="PASS">
          <reporter-output>
          </reporter-output>
        </test-method> <!-- Nativeapptesting -->
      </class> <!-- qaclickacademy.AppiumTest -->
      <class name="qaclickacademy.RESTAPITest">
        <test-method signature="MobileAPI()[pri:0, instance:qaclickacademy.RESTAPITest@ef9296d]" started-at="2022-03-04T13:48:18 IST" name="MobileAPI" finished-at="2022-03-04T13:48:18 IST" duration-ms="0" status="PASS">
          <reporter-output>
          </reporter-output>
        </test-method> <!-- MobileAPI -->
        <test-method signature="RestAssuredAPI()[pri:0, instance:qaclickacademy.RESTAPITest@ef9296d]" started-at="2022-03-04T13:48:18 IST" name="RestAssuredAPI" finished-at="2022-03-04T13:48:18 IST" duration-ms="0" status="PASS">
          <reporter-output>
          </reporter-output>
        </test-method> <!-- RestAssuredAPI -->
      </class> <!-- qaclickacademy.RESTAPITest -->
      <class name="qaclickacademy.SeleniumTest">
        <test-method signature="FrontendApplicationTest()[pri:0, instance:qaclickacademy.SeleniumTest@6af93788]" started-at="2022-03-04T13:48:18 IST" name="FrontendApplicationTest" finished-at="2022-03-04T13:48:18 IST" duration-ms="1" status="PASS">
          <reporter-output>
          </reporter-output>
        </test-method> <!-- FrontendApplicationTest -->
        <test-method signature="webapplicationTest()[pri:0, instance:qaclickacademy.SeleniumTest@6af93788]" started-at="2022-03-04T13:48:18 IST" name="webapplicationTest" finished-at="2022-03-04T13:48:18 IST" duration-ms="0" status="PASS">
          <reporter-output>
          </reporter-output>
        </test-method> <!-- webapplicationTest -->
      </class> <!-- qaclickacademy.SeleniumTest -->
    </test> <!-- Test -->
  </suite> <!-- Suite -->
</testng-results>
