<?xml version="1.0" encoding="UTF-8"?>
<testng-results ignored="0" total="6" passed="6" failed="0" skipped="0">
  <reporter-output>
  </reporter-output>
  <suite started-at="2022-03-04T11:38:09 IST" name="Suite" finished-at="2022-03-04T11:38:09 IST" duration-ms="102">
    <groups>
    </groups>
    <test started-at="2022-03-04T11:38:09 IST" name="Test" finished-at="2022-03-04T11:38:09 IST" duration-ms="102">
      <class name="qaclickacademy.AppiumTest">
        <test-method signature="MobielIOS()[pri:0, instance:qaclickacademy.AppiumTest@1d9b7cce]" started-at="2022-03-04T11:38:09 IST" name="MobielIOS" finished-at="2022-03-04T11:38:09 IST" duration-ms="14" status="PASS">
          <reporter-output>
          </reporter-output>
        </test-method> <!-- MobielIOS -->
        <test-method signature="Nativeapptesting()[pri:0, instance:qaclickacademy.AppiumTest@1d9b7cce]" started-at="2022-03-04T11:38:09 IST" name="Nativeapptesting" finished-at="2022-03-04T11:38:09 IST" duration-ms="2" status="PASS">
          <reporter-output>
          </reporter-output>
        </test-method> <!-- Nativeapptesting -->
      </class> <!-- qaclickacademy.AppiumTest -->
      <class name="qaclickacademy.RESTAPITest">
        <test-method signature="MobileAPI()[pri:0, instance:qaclickacademy.RESTAPITest@661972b0]" started-at="2022-03-04T11:38:09 IST" name="MobileAPI" finished-at="2022-03-04T11:38:09 IST" duration-ms="1" status="PASS">
          <reporter-output>
          </reporter-output>
        </test-method> <!-- MobileAPI -->
        <test-method signature="RestAssuredAPI()[pri:0, instance:qaclickacademy.RESTAPITest@661972b0]" started-at="2022-03-04T11:38:09 IST" name="RestAssuredAPI" finished-at="2022-03-04T11:38:09 IST" duration-ms="11" status="PASS">
          <reporter-output>
          </reporter-output>
        </test-method> <!-- RestAssuredAPI -->
      </class> <!-- qaclickacademy.RESTAPITest -->
      <class name="qaclickacademy.SeleniumTest">
        <test-method signature="FrontendApplicationTest()[pri:0, instance:qaclickacademy.SeleniumTest@3bb9a3ff]" started-at="2022-03-04T11:38:09 IST" name="FrontendApplicationTest" finished-at="2022-03-04T11:38:09 IST" duration-ms="2" status="PASS">
          <reporter-output>
          </reporter-output>
        </test-method> <!-- FrontendApplicationTest -->
        <test-method signature="webapplicationTest()[pri:0, instance:qaclickacademy.SeleniumTest@3bb9a3ff]" started-at="2022-03-04T11:38:09 IST" name="webapplicationTest" finished-at="2022-03-04T11:38:09 IST" duration-ms="2" status="PASS">
          <reporter-output>
          </reporter-output>
        </test-method> <!-- webapplicationTest -->
      </class> <!-- qaclickacademy.SeleniumTest -->
    </test> <!-- Test -->
  </suite> <!-- Suite -->
</testng-results>
