<?xml version="1.0" encoding="UTF-8"?>
<testng-results ignored="0" total="2" passed="2" failed="0" skipped="0">
  <reporter-output>
  </reporter-output>
  <suite started-at="2022-05-10T12:17:30 IST" name="Default suite" finished-at="2022-05-10T12:17:30 IST" duration-ms="57">
    <groups>
    </groups>
    <test started-at="2022-05-10T12:17:30 IST" name="Default test" finished-at="2022-05-10T12:17:30 IST" duration-ms="57">
      <class name="qaclickacademy.AppiumTest">
        <test-method signature="MobielIOS()[pri:0, instance:qaclickacademy.AppiumTest@123ef382]" started-at="2022-05-10T12:17:30 IST" name="MobielIOS" finished-at="2022-05-10T12:17:30 IST" duration-ms="9" status="PASS">
          <reporter-output>
          </reporter-output>
        </test-method> <!-- MobielIOS -->
        <test-method signature="Nativeapptesting()[pri:0, instance:qaclickacademy.AppiumTest@123ef382]" started-at="2022-05-10T12:17:30 IST" name="Nativeapptesting" finished-at="2022-05-10T12:17:30 IST" duration-ms="2" status="PASS">
          <reporter-output>
          </reporter-output>
        </test-method> <!-- Nativeapptesting -->
      </class> <!-- qaclickacademy.AppiumTest -->
    </test> <!-- Default test -->
  </suite> <!-- Default suite -->
</testng-results>
